Copyright 1986-2017 Xilinx, Inc. All Rights Reserved.
--------------------------------------------------------------------------------------
| Tool Version : Vivado v.2017.3.1 (win64) Build 2035080 Fri Oct 20 14:20:01 MDT 2017
| Date         : Thu Nov  9 16:58:26 2017
| Host         : Jensen-Surface running 64-bit major release  (build 9200)
| Command      : report_control_sets -file System_wrapper_control_sets_placed.rpt
| Design       : System_wrapper
| Device       : xc7z010
--------------------------------------------------------------------------------------

Control Set Information

Table of Contents
-----------------
1. Summary
2. Flip-Flop Distribution

1. Summary
----------

+-------------------------------+-------+
|             Status            | Count |
+-------------------------------+-------+
| Number of unique control sets |   171 |
+-------------------------------+-------+


2. Flip-Flop Distribution
-------------------------

+--------------+-----------------------+------------------------+-----------------+--------------+
| Clock Enable | Synchronous Set/Reset | Asynchronous Set/Reset | Total Registers | Total Slices |
+--------------+-----------------------+------------------------+-----------------+--------------+
| No           | No                    | No                     |             223 |           80 |
| No           | No                    | Yes                    |               0 |            0 |
| No           | Yes                   | No                     |             247 |           71 |
| Yes          | No                    | No                     |             814 |          216 |
| Yes          | No                    | Yes                    |               0 |            0 |
| Yes          | Yes                   | No                     |            1850 |          596 |
+--------------+-----------------------+------------------------+-----------------+--------------+


