Copyright 1986-2017 Xilinx, Inc. All Rights Reserved.
--------------------------------------------------------------------------------------
| Tool Version : Vivado v.2017.3.1 (win64) Build 2035080 Fri Oct 20 14:20:01 MDT 2017
| Date         : Mon Nov 20 13:21:04 2017
| Host         : Jensen-Surface running 64-bit major release  (build 9200)
| Command      : upgrade_ip
| Device       : xc7z010clg400-1
--------------------------------------------------------------------------------------

Upgrade Log for IP 'System_Zybo_VGA_Reconfigurable_0_0'

1. Summary
----------

CAUTION (success, with warnings) in the upgrade of System_Zybo_VGA_Reconfigurable_0_0 (xilinx.com:user:Zybo_VGA_Reconfigurable:1.0) from (Rev. 1) to (Rev. 3)

After upgrade, an IP may have parameter and port differences compared to the original customization. Please review the parameters within the IP customization GUI to ensure proper functionality. Also, please review the updated IP instantiation template to ensure proper connectivity, and update your design if required.

2. Interface Information
------------------------

Detected external interface differences while upgrading 'System_Zybo_VGA_Reconfigurable_0_0'.


-Upgrade has added interface 'pixel_clk' (xilinx.com:signal:clock:1.0)


3. Connection Warnings
----------------------

Detected external port differences while upgrading 'System_Zybo_VGA_Reconfigurable_0_0'. These changes may impact your design.


-Upgrade has added port 'VGA_B'

-Upgrade has added port 'VGA_G'

-Upgrade has added port 'VGA_HS'

-Upgrade has added port 'VGA_R'

-Upgrade has added port 'VGA_VS'

-Upgrade has added port 'pixel_clk'







Copyright 1986-2017 Xilinx, Inc. All Rights Reserved.
--------------------------------------------------------------------------------------
| Tool Version : Vivado v.2017.3.1 (win64) Build 2035080 Fri Oct 20 14:20:01 MDT 2017
| Date         : Mon Nov 20 13:18:38 2017
| Host         : Jensen-Surface running 64-bit major release  (build 9200)
| Command      : upgrade_ip
| Device       : xc7z010clg400-1
--------------------------------------------------------------------------------------

Upgrade Log for IP 'System_Zybo_VGA_Reconfigurable_0_0'

1. Summary
----------

SUCCESS in the conversion of System_Zybo_VGA_Reconfigurable_0_0 (xilinx.com:user:Zybo_VGA_Reconfigurable:1.0 (Rev. 1)) to Vivado generation flows.






Copyright 1986-2017 Xilinx, Inc. All Rights Reserved.
--------------------------------------------------------------------------------------
| Tool Version : Vivado v.2017.3.1 (win64) Build 2035080 Fri Oct 20 14:20:01 MDT 2017
| Date         : Thu Nov 16 16:39:45 2017
| Host         : Jensen-Surface running 64-bit major release  (build 9200)
| Command      : upgrade_ip
| Device       : xc7z010clg400-1
--------------------------------------------------------------------------------------

Upgrade Log for IP 'System_Zybo_VGA_Basic_0_1'

1. Summary
----------

SUCCESS in the upgrade of System_Zybo_VGA_Basic_0_1 (xilinx.com:user:Zybo_VGA_Basic:1.0) from (Rev. 10) to (Rev. 11)






Copyright 1986-2017 Xilinx, Inc. All Rights Reserved.
--------------------------------------------------------------------------------------
| Tool Version : Vivado v.2017.3.1 (win64) Build 2035080 Fri Oct 20 14:20:01 MDT 2017
| Date         : Thu Nov 16 16:07:33 2017
| Host         : Jensen-Surface running 64-bit major release  (build 9200)
| Command      : upgrade_ip
| Device       : xc7z010clg400-1
--------------------------------------------------------------------------------------

Upgrade Log for IP 'System_Zybo_VGA_Basic_0_1'

1. Summary
----------

SUCCESS in the upgrade of System_Zybo_VGA_Basic_0_1 (xilinx.com:user:Zybo_VGA_Basic:1.0) from (Rev. 9) to (Rev. 10)






Copyright 1986-2017 Xilinx, Inc. All Rights Reserved.
--------------------------------------------------------------------------------------
| Tool Version : Vivado v.2017.3.1 (win64) Build 2035080 Fri Oct 20 14:20:01 MDT 2017
| Date         : Thu Nov 16 15:43:10 2017
| Host         : Jensen-Surface running 64-bit major release  (build 9200)
| Command      : upgrade_ip
| Device       : xc7z010clg400-1
--------------------------------------------------------------------------------------

Upgrade Log for IP 'System_Zybo_VGA_Basic_0_1'

1. Summary
----------

SUCCESS in the upgrade of System_Zybo_VGA_Basic_0_1 (xilinx.com:user:Zybo_VGA_Basic:1.0) from (Rev. 8) to (Rev. 9)






Copyright 1986-2017 Xilinx, Inc. All Rights Reserved.
--------------------------------------------------------------------------------------
| Tool Version : Vivado v.2017.3.1 (win64) Build 2035080 Fri Oct 20 14:20:01 MDT 2017
| Date         : Thu Nov 16 15:18:07 2017
| Host         : Jensen-Surface running 64-bit major release  (build 9200)
| Command      : upgrade_ip
| Device       : xc7z010clg400-1
--------------------------------------------------------------------------------------

Upgrade Log for IP 'System_Zybo_VGA_Basic_0_1'

1. Summary
----------

SUCCESS in the upgrade of System_Zybo_VGA_Basic_0_1 (xilinx.com:user:Zybo_VGA_Basic:1.0) from (Rev. 7) to (Rev. 8)






Copyright 1986-2017 Xilinx, Inc. All Rights Reserved.
--------------------------------------------------------------------------------------
| Tool Version : Vivado v.2017.3.1 (win64) Build 2035080 Fri Oct 20 14:20:01 MDT 2017
| Date         : Wed Nov 15 09:02:29 2017
| Host         : Jensen-Surface running 64-bit major release  (build 9200)
| Command      : upgrade_ip
| Device       : xc7z010clg400-1
--------------------------------------------------------------------------------------

Upgrade Log for IP 'System_Zybo_VGA_Basic_0_1'

1. Summary
----------

SUCCESS in the upgrade of System_Zybo_VGA_Basic_0_1 (xilinx.com:user:Zybo_VGA_Basic:1.0) from (Rev. 6) to (Rev. 7)






Copyright 1986-2017 Xilinx, Inc. All Rights Reserved.
--------------------------------------------------------------------------------------
| Tool Version : Vivado v.2017.3.1 (win64) Build 2035080 Fri Oct 20 14:20:01 MDT 2017
| Date         : Tue Nov 14 14:30:31 2017
| Host         : Jensen-Surface running 64-bit major release  (build 9200)
| Command      : upgrade_ip
| Device       : xc7z010clg400-1
--------------------------------------------------------------------------------------

Upgrade Log for IP 'System_Zybo_VGA_Basic_0_1'

1. Summary
----------

SUCCESS in the upgrade of System_Zybo_VGA_Basic_0_1 (xilinx.com:user:Zybo_VGA_Basic:1.0) from (Rev. 5) to (Rev. 6)






Copyright 1986-2017 Xilinx, Inc. All Rights Reserved.
--------------------------------------------------------------------------------------
| Tool Version : Vivado v.2017.3.1 (win64) Build 2035080 Fri Oct 20 14:20:01 MDT 2017
| Date         : Tue Nov 14 13:00:34 2017
| Host         : Jensen-Surface running 64-bit major release  (build 9200)
| Command      : upgrade_ip
| Device       : xc7z010clg400-1
--------------------------------------------------------------------------------------

Upgrade Log for IP 'System_Zybo_VGA_Basic_0_1'

1. Summary
----------

SUCCESS in the upgrade of System_Zybo_VGA_Basic_0_1 (xilinx.com:user:Zybo_VGA_Basic:1.0) from (Rev. 4) to (Rev. 5)






Copyright 1986-2017 Xilinx, Inc. All Rights Reserved.
--------------------------------------------------------------------------------------
| Tool Version : Vivado v.2017.3.1 (win64) Build 2035080 Fri Oct 20 14:20:01 MDT 2017
| Date         : Thu Nov  9 15:46:22 2017
| Host         : Jensen-Surface running 64-bit major release  (build 9200)
| Command      : upgrade_ip
| Device       : xc7z010clg400-1
--------------------------------------------------------------------------------------

Upgrade Log for IP 'System_Zybo_VGA_Basic_0_0'

1. Summary
----------

CAUTION (success, with warnings) in the upgrade of System_Zybo_VGA_Basic_0_0 (xilinx.com:user:Zybo_VGA_Basic:1.0) from (Rev. 3) to (Rev. 4)

After upgrade, an IP may have parameter and port differences compared to the original customization. Please review the parameters within the IP customization GUI to ensure proper functionality. Also, please review the updated IP instantiation template to ensure proper connectivity, and update your design if required.

2. Connection Warnings
----------------------

Detected external port differences while upgrading 'System_Zybo_VGA_Basic_0_0'. These changes may impact your design.


-Upgrade has removed port 'VGA'

-Upgrade has added port 'VGA_B'

-Upgrade has added port 'VGA_G'

-Upgrade has added port 'VGA_HS'

-Upgrade has added port 'VGA_R'

-Upgrade has added port 'VGA_VS'







Copyright 1986-2017 Xilinx, Inc. All Rights Reserved.
--------------------------------------------------------------------------------------
| Tool Version : Vivado v.2017.3.1 (win64) Build 2035080 Fri Oct 20 14:20:01 MDT 2017
| Date         : Tue Nov  7 14:20:15 2017
| Host         : Jensen-Surface running 64-bit major release  (build 9200)
| Command      : upgrade_ip
| Device       : xc7z010clg400-1
--------------------------------------------------------------------------------------

Upgrade Log for IP 'System_Zybo_VGA_Basic_0_0'

1. Summary
----------

CAUTION (success, with warnings) in the upgrade of System_Zybo_VGA_Basic_0_0 (xilinx.com:user:Zybo_VGA_Basic:1.0) from (Rev. 1) to (Rev. 3)

After upgrade, an IP may have parameter and port differences compared to the original customization. Please review the parameters within the IP customization GUI to ensure proper functionality. Also, please review the updated IP instantiation template to ensure proper connectivity, and update your design if required.

2. Interface Information
------------------------

Detected external interface differences while upgrading 'System_Zybo_VGA_Basic_0_0'.


-Upgrade has added interface 'pixel_clk' (xilinx.com:signal:clock:1.0)


3. Connection Warnings
----------------------

Detected external port differences while upgrading 'System_Zybo_VGA_Basic_0_0'. These changes may impact your design.


-Upgrade has added port 'VGA'

-Upgrade has added port 'pixel_clk'







Copyright 1986-2017 Xilinx, Inc. All Rights Reserved.
--------------------------------------------------------------------------------------
| Tool Version : Vivado v.2017.3.1 (win64) Build 2035080 Fri Oct 20 14:20:01 MDT 2017
| Date         : Tue Nov  7 14:11:52 2017
| Host         : Jensen-Surface running 64-bit major release  (build 9200)
| Command      : upgrade_ip
| Device       : xc7z010clg400-1
--------------------------------------------------------------------------------------

Upgrade Log for IP 'System_Zybo_VGA_Basic_0_0'

1. Summary
----------

SUCCESS in the conversion of System_Zybo_VGA_Basic_0_0 (xilinx.com:user:Zybo_VGA_Basic:1.0 (Rev. 1)) to Vivado generation flows.

