
*** Running vivado
    with args -log System_clk_wiz_0_1.vds -m64 -product Vivado -mode batch -messageDb vivado.pb -notrace -source System_clk_wiz_0_1.tcl


****** Vivado v2017.3.1 (64-bit)
  **** SW Build 2035080 on Fri Oct 20 14:20:01 MDT 2017
  **** IP Build 2034413 on Fri Oct 20 15:56:25 MDT 2017
    ** Copyright 1986-2017 Xilinx, Inc. All Rights Reserved.

source System_clk_wiz_0_1.tcl -notrace
Starting RTL Elaboration : Time (s): cpu = 00:00:09 ; elapsed = 00:00:10 . Memory (MB): peak = 354.445 ; gain = 102.406
INFO: [Synth 8-638] synthesizing module 'System_clk_wiz_0_1' [c:/Users/jlrei/Documents/SourceTree/EE324_Lab5/EE324_Lab5.srcs/sources_1/bd/System/ip/System_clk_wiz_0_1/System_clk_wiz_0_1.v:70]
INFO: [Synth 8-638] synthesizing module 'System_clk_wiz_0_1_clk_wiz' [c:/Users/jlrei/Documents/SourceTree/EE324_Lab5/EE324_Lab5.srcs/sources_1/bd/System/ip/System_clk_wiz_0_1/System_clk_wiz_0_1_clk_wiz.v:68]
INFO: [Synth 8-638] synthesizing module 'IBUF' [C:/Xilinx/Vivado/2017.3/scripts/rt/data/unisim_comp.v:19468]
INFO: [Synth 8-256] done synthesizing module 'IBUF' (1#1) [C:/Xilinx/Vivado/2017.3/scripts/rt/data/unisim_comp.v:19468]
INFO: [Synth 8-638] synthesizing module 'MMCME2_ADV' [C:/Xilinx/Vivado/2017.3/scripts/rt/data/unisim_comp.v:25757]
INFO: [Synth 8-256] done synthesizing module 'MMCME2_ADV' (2#1) [C:/Xilinx/Vivado/2017.3/scripts/rt/data/unisim_comp.v:25757]
INFO: [Synth 8-638] synthesizing module 'BUFG' [C:/Xilinx/Vivado/2017.3/scripts/rt/data/unisim_comp.v:607]
INFO: [Synth 8-256] done synthesizing module 'BUFG' (3#1) [C:/Xilinx/Vivado/2017.3/scripts/rt/data/unisim_comp.v:607]
INFO: [Synth 8-256] done synthesizing module 'System_clk_wiz_0_1_clk_wiz' (4#1) [c:/Users/jlrei/Documents/SourceTree/EE324_Lab5/EE324_Lab5.srcs/sources_1/bd/System/ip/System_clk_wiz_0_1/System_clk_wiz_0_1_clk_wiz.v:68]
INFO: [Synth 8-256] done synthesizing module 'System_clk_wiz_0_1' (5#1) [c:/Users/jlrei/Documents/SourceTree/EE324_Lab5/EE324_Lab5.srcs/sources_1/bd/System/ip/System_clk_wiz_0_1/System_clk_wiz_0_1.v:70]
Finished RTL Elaboration : Time (s): cpu = 00:00:11 ; elapsed = 00:00:11 . Memory (MB): peak = 406.793 ; gain = 154.754
Finished RTL Optimization Phase 1 : Time (s): cpu = 00:00:11 ; elapsed = 00:00:11 . Memory (MB): peak = 406.793 ; gain = 154.754
INFO: [Device 21-403] Loading part xc7z010clg400-1
Constraint Validation Runtime : Time (s): cpu = 00:00:00 ; elapsed = 00:00:00.024 . Memory (MB): peak = 653.406 ; gain = 0.004
Finished Constraint Validation : Time (s): cpu = 00:00:30 ; elapsed = 00:00:32 . Memory (MB): peak = 653.406 ; gain = 401.367
Finished Loading Part and Timing Information : Time (s): cpu = 00:00:30 ; elapsed = 00:00:32 . Memory (MB): peak = 653.406 ; gain = 401.367
Finished applying 'set_property' XDC Constraints : Time (s): cpu = 00:00:30 ; elapsed = 00:00:32 . Memory (MB): peak = 653.406 ; gain = 401.367
Finished RTL Optimization Phase 2 : Time (s): cpu = 00:00:30 ; elapsed = 00:00:32 . Memory (MB): peak = 653.406 ; gain = 401.367
Finished Cross Boundary and Area Optimization : Time (s): cpu = 00:00:31 ; elapsed = 00:00:33 . Memory (MB): peak = 653.406 ; gain = 401.367
Finished Applying XDC Timing Constraints : Time (s): cpu = 00:00:48 ; elapsed = 00:00:50 . Memory (MB): peak = 712.496 ; gain = 460.457
Finished Timing Optimization : Time (s): cpu = 00:00:48 ; elapsed = 00:00:50 . Memory (MB): peak = 712.496 ; gain = 460.457
Finished Technology Mapping : Time (s): cpu = 00:00:48 ; elapsed = 00:00:50 . Memory (MB): peak = 722.020 ; gain = 469.980
Finished IO Insertion : Time (s): cpu = 00:00:50 ; elapsed = 00:00:52 . Memory (MB): peak = 722.020 ; gain = 469.980
Finished Renaming Generated Instances : Time (s): cpu = 00:00:50 ; elapsed = 00:00:52 . Memory (MB): peak = 722.020 ; gain = 469.980
Finished Rebuilding User Hierarchy : Time (s): cpu = 00:00:50 ; elapsed = 00:00:52 . Memory (MB): peak = 722.020 ; gain = 469.980
Finished Renaming Generated Ports : Time (s): cpu = 00:00:50 ; elapsed = 00:00:52 . Memory (MB): peak = 722.020 ; gain = 469.980
Finished Handling Custom Attributes : Time (s): cpu = 00:00:50 ; elapsed = 00:00:52 . Memory (MB): peak = 722.020 ; gain = 469.980
Finished Renaming Generated Nets : Time (s): cpu = 00:00:50 ; elapsed = 00:00:52 . Memory (MB): peak = 722.020 ; gain = 469.980

Report Cell Usage: 
+------+-----------+------+
|      |Cell       |Count |
+------+-----------+------+
|1     |BUFG       |     2|
|2     |MMCME2_ADV |     1|
|3     |IBUF       |     1|
+------+-----------+------+
Finished Writing Synthesis Report : Time (s): cpu = 00:00:50 ; elapsed = 00:00:52 . Memory (MB): peak = 722.020 ; gain = 469.980
synth_design: Time (s): cpu = 00:00:52 ; elapsed = 00:00:55 . Memory (MB): peak = 732.473 ; gain = 486.238
