
*** Running vivado
    with args -log System_Zybo_VGA_Basic_0_1.vds -m64 -product Vivado -mode batch -messageDb vivado.pb -notrace -source System_Zybo_VGA_Basic_0_1.tcl


****** Vivado v2017.3.1 (64-bit)
  **** SW Build 2035080 on Fri Oct 20 14:20:01 MDT 2017
  **** IP Build 2034413 on Fri Oct 20 15:56:25 MDT 2017
    ** Copyright 1986-2017 Xilinx, Inc. All Rights Reserved.

source System_Zybo_VGA_Basic_0_1.tcl -notrace
Command: synth_design -top System_Zybo_VGA_Basic_0_1 -part xc7z010clg400-1 -mode out_of_context
Starting synth_design
Attempting to get a license for feature 'Synthesis' and/or device 'xc7z010'
INFO: [Common 17-349] Got license for feature 'Synthesis' and/or device 'xc7z010'
INFO: Launching helper process for spawning children vivado processes
INFO: Helper process launched with PID 420 
---------------------------------------------------------------------------------
Starting RTL Elaboration : Time (s): cpu = 00:00:08 ; elapsed = 00:00:08 . Memory (MB): peak = 353.605 ; gain = 101.102
---------------------------------------------------------------------------------
INFO: [Synth 8-638] synthesizing module 'System_Zybo_VGA_Basic_0_1' [c:/Users/jlrei/Documents/SourceTree/EE324_Lab5/EE324_Lab5.srcs/sources_1/bd/System/ip/System_Zybo_VGA_Basic_0_1/synth/System_Zybo_VGA_Basic_0_1.v:57]
INFO: [Synth 8-638] synthesizing module 'Zybo_VGA_Basic_v1_0' [c:/Users/jlrei/Documents/SourceTree/EE324_Lab5/EE324_Lab5.srcs/sources_1/bd/System/ipshared/471b/hdl/Zybo_VGA_Basic_v1_0.v:4]
	Parameter C_S_AXI_DATA_WIDTH bound to: 32 - type: integer 
	Parameter C_S_AXI_ADDR_WIDTH bound to: 6 - type: integer 
INFO: [Synth 8-638] synthesizing module 'Zybo_VGA_Basic_v1_0_S_AXI' [c:/Users/jlrei/Documents/SourceTree/EE324_Lab5/EE324_Lab5.srcs/sources_1/bd/System/ipshared/471b/hdl/Zybo_VGA_Basic_v1_0_S_AXI.v:4]
	Parameter C_S_AXI_DATA_WIDTH bound to: 32 - type: integer 
	Parameter C_S_AXI_ADDR_WIDTH bound to: 6 - type: integer 
	Parameter ADDR_LSB bound to: 2 - type: integer 
	Parameter OPT_MEM_ADDR_BITS bound to: 3 - type: integer 
INFO: [Synth 8-256] done synthesizing module 'Zybo_VGA_Basic_v1_0_S_AXI' (1#1) [c:/Users/jlrei/Documents/SourceTree/EE324_Lab5/EE324_Lab5.srcs/sources_1/bd/System/ipshared/471b/hdl/Zybo_VGA_Basic_v1_0_S_AXI.v:4]
INFO: [Synth 8-638] synthesizing module 'VGA_Control' [c:/Users/jlrei/Documents/SourceTree/EE324_Lab5/EE324_Lab5.srcs/sources_1/bd/System/ipshared/471b/hdl/VGA_Control.v:23]
INFO: [Synth 8-256] done synthesizing module 'VGA_Control' (2#1) [c:/Users/jlrei/Documents/SourceTree/EE324_Lab5/EE324_Lab5.srcs/sources_1/bd/System/ipshared/471b/hdl/VGA_Control.v:23]
INFO: [Synth 8-256] done synthesizing module 'Zybo_VGA_Basic_v1_0' (3#1) [c:/Users/jlrei/Documents/SourceTree/EE324_Lab5/EE324_Lab5.srcs/sources_1/bd/System/ipshared/471b/hdl/Zybo_VGA_Basic_v1_0.v:4]
INFO: [Synth 8-256] done synthesizing module 'System_Zybo_VGA_Basic_0_1' (4#1) [c:/Users/jlrei/Documents/SourceTree/EE324_Lab5/EE324_Lab5.srcs/sources_1/bd/System/ip/System_Zybo_VGA_Basic_0_1/synth/System_Zybo_VGA_Basic_0_1.v:57]
WARNING: [Synth 8-3331] design Zybo_VGA_Basic_v1_0_S_AXI has unconnected port S_AXI_AWPROT[2]
WARNING: [Synth 8-3331] design Zybo_VGA_Basic_v1_0_S_AXI has unconnected port S_AXI_AWPROT[1]
WARNING: [Synth 8-3331] design Zybo_VGA_Basic_v1_0_S_AXI has unconnected port S_AXI_AWPROT[0]
WARNING: [Synth 8-3331] design Zybo_VGA_Basic_v1_0_S_AXI has unconnected port S_AXI_ARPROT[2]
WARNING: [Synth 8-3331] design Zybo_VGA_Basic_v1_0_S_AXI has unconnected port S_AXI_ARPROT[1]
WARNING: [Synth 8-3331] design Zybo_VGA_Basic_v1_0_S_AXI has unconnected port S_AXI_ARPROT[0]
---------------------------------------------------------------------------------
Finished RTL Elaboration : Time (s): cpu = 00:00:09 ; elapsed = 00:00:10 . Memory (MB): peak = 405.602 ; gain = 153.098
---------------------------------------------------------------------------------

Report Check Netlist: 
+------+------------------+-------+---------+-------+------------------+
|      |Item              |Errors |Warnings |Status |Description       |
+------+------------------+-------+---------+-------+------------------+
|1     |multi_driven_nets |      0|        0|Passed |Multi driven nets |
+------+------------------+-------+---------+-------+------------------+
---------------------------------------------------------------------------------
Finished RTL Optimization Phase 1 : Time (s): cpu = 00:00:09 ; elapsed = 00:00:10 . Memory (MB): peak = 405.602 ; gain = 153.098
---------------------------------------------------------------------------------
INFO: [Device 21-403] Loading part xc7z010clg400-1
INFO: [Project 1-570] Preparing netlist for logic optimization

Processing XDC Constraints
Initializing timing engine
Completed Processing XDC Constraints

INFO: [Project 1-111] Unisim Transformation Summary:
No Unisim elements were transformed.

Constraint Validation Runtime : Time (s): cpu = 00:00:00 ; elapsed = 00:00:00.050 . Memory (MB): peak = 729.805 ; gain = 0.000
---------------------------------------------------------------------------------
Finished Constraint Validation : Time (s): cpu = 00:00:26 ; elapsed = 00:00:27 . Memory (MB): peak = 729.805 ; gain = 477.301
---------------------------------------------------------------------------------
---------------------------------------------------------------------------------
Start Loading Part and Timing Information
---------------------------------------------------------------------------------
Loading part: xc7z010clg400-1
---------------------------------------------------------------------------------
Finished Loading Part and Timing Information : Time (s): cpu = 00:00:26 ; elapsed = 00:00:27 . Memory (MB): peak = 729.805 ; gain = 477.301
---------------------------------------------------------------------------------
---------------------------------------------------------------------------------
Start Applying 'set_property' XDC Constraints
---------------------------------------------------------------------------------
---------------------------------------------------------------------------------
Finished applying 'set_property' XDC Constraints : Time (s): cpu = 00:00:26 ; elapsed = 00:00:27 . Memory (MB): peak = 729.805 ; gain = 477.301
---------------------------------------------------------------------------------
---------------------------------------------------------------------------------
Finished RTL Optimization Phase 2 : Time (s): cpu = 00:00:26 ; elapsed = 00:00:27 . Memory (MB): peak = 729.805 ; gain = 477.301
---------------------------------------------------------------------------------

Report RTL Partitions: 
+-+--------------+------------+----------+
| |RTL Partition |Replication |Instances |
+-+--------------+------------+----------+
+-+--------------+------------+----------+
---------------------------------------------------------------------------------
Start RTL Component Statistics 
---------------------------------------------------------------------------------
Detailed RTL Component Info : 
+---Adders : 
	   2 Input     32 Bit       Adders := 8     
	   3 Input     32 Bit       Adders := 4     
	   5 Input     32 Bit       Adders := 2     
+---Registers : 
	               32 Bit    Registers := 15    
	                6 Bit    Registers := 3     
	                5 Bit    Registers := 2     
	                2 Bit    Registers := 2     
	                1 Bit    Registers := 10    
+---Muxes : 
	   2 Input     32 Bit        Muxes := 19    
	  13 Input     32 Bit        Muxes := 12    
	   2 Input      6 Bit        Muxes := 2     
	   2 Input      5 Bit        Muxes := 4     
	   2 Input      1 Bit        Muxes := 5     
---------------------------------------------------------------------------------
Finished RTL Component Statistics 
---------------------------------------------------------------------------------
---------------------------------------------------------------------------------
Start RTL Hierarchical Component Statistics 
---------------------------------------------------------------------------------
Hierarchical RTL Component report 
Module Zybo_VGA_Basic_v1_0_S_AXI 
Detailed RTL Component Info : 
+---Registers : 
	               32 Bit    Registers := 13    
	                6 Bit    Registers := 2     
	                2 Bit    Registers := 2     
	                1 Bit    Registers := 6     
+---Muxes : 
	   2 Input     32 Bit        Muxes := 12    
	  13 Input     32 Bit        Muxes := 12    
	   2 Input      1 Bit        Muxes := 5     
Module VGA_Control 
Detailed RTL Component Info : 
+---Adders : 
	   2 Input     32 Bit       Adders := 8     
	   3 Input     32 Bit       Adders := 4     
	   5 Input     32 Bit       Adders := 2     
+---Registers : 
	               32 Bit    Registers := 2     
	                6 Bit    Registers := 1     
	                5 Bit    Registers := 2     
	                1 Bit    Registers := 4     
+---Muxes : 
	   2 Input     32 Bit        Muxes := 7     
	   2 Input      6 Bit        Muxes := 2     
	   2 Input      5 Bit        Muxes := 4     
---------------------------------------------------------------------------------
Finished RTL Hierarchical Component Statistics
---------------------------------------------------------------------------------
---------------------------------------------------------------------------------
Start Part Resource Summary
---------------------------------------------------------------------------------
Part Resources:
DSPs: 80 (col length:40)
BRAMs: 120 (col length: RAMB18 40 RAMB36 20)
---------------------------------------------------------------------------------
Finished Part Resource Summary
---------------------------------------------------------------------------------
---------------------------------------------------------------------------------
Start Cross Boundary and Area Optimization
---------------------------------------------------------------------------------
WARNING: [Synth 8-3331] design Zybo_VGA_Basic_v1_0_S_AXI has unconnected port S_AXI_AWPROT[2]
WARNING: [Synth 8-3331] design Zybo_VGA_Basic_v1_0_S_AXI has unconnected port S_AXI_AWPROT[1]
WARNING: [Synth 8-3331] design Zybo_VGA_Basic_v1_0_S_AXI has unconnected port S_AXI_AWPROT[0]
WARNING: [Synth 8-3331] design Zybo_VGA_Basic_v1_0_S_AXI has unconnected port S_AXI_ARPROT[2]
WARNING: [Synth 8-3331] design Zybo_VGA_Basic_v1_0_S_AXI has unconnected port S_AXI_ARPROT[1]
WARNING: [Synth 8-3331] design Zybo_VGA_Basic_v1_0_S_AXI has unconnected port S_AXI_ARPROT[0]
INFO: [Synth 8-3886] merging instance 'inst/Zybo_VGA_Basic_v1_0_S_AXI_inst/axi_rresp_reg[0]' (FDRE) to 'inst/Zybo_VGA_Basic_v1_0_S_AXI_inst/axi_rresp_reg[1]'
INFO: [Synth 8-3333] propagating constant 0 across sequential element (\inst/Zybo_VGA_Basic_v1_0_S_AXI_inst /\axi_rresp_reg[1] )
INFO: [Synth 8-3886] merging instance 'inst/Zybo_VGA_Basic_v1_0_S_AXI_inst/axi_bresp_reg[0]' (FDRE) to 'inst/Zybo_VGA_Basic_v1_0_S_AXI_inst/axi_bresp_reg[1]'
INFO: [Synth 8-3333] propagating constant 0 across sequential element (\inst/Zybo_VGA_Basic_v1_0_S_AXI_inst /\axi_bresp_reg[1] )
WARNING: [Synth 8-3332] Sequential element (axi_awaddr_reg[1]) is unused and will be removed from module Zybo_VGA_Basic_v1_0_S_AXI.
WARNING: [Synth 8-3332] Sequential element (axi_awaddr_reg[0]) is unused and will be removed from module Zybo_VGA_Basic_v1_0_S_AXI.
WARNING: [Synth 8-3332] Sequential element (axi_bresp_reg[1]) is unused and will be removed from module Zybo_VGA_Basic_v1_0_S_AXI.
WARNING: [Synth 8-3332] Sequential element (axi_araddr_reg[1]) is unused and will be removed from module Zybo_VGA_Basic_v1_0_S_AXI.
WARNING: [Synth 8-3332] Sequential element (axi_araddr_reg[0]) is unused and will be removed from module Zybo_VGA_Basic_v1_0_S_AXI.
WARNING: [Synth 8-3332] Sequential element (axi_rresp_reg[1]) is unused and will be removed from module Zybo_VGA_Basic_v1_0_S_AXI.
---------------------------------------------------------------------------------
Finished Cross Boundary and Area Optimization : Time (s): cpu = 00:00:34 ; elapsed = 00:00:35 . Memory (MB): peak = 729.805 ; gain = 477.301
---------------------------------------------------------------------------------

Report RTL Partitions: 
+-+--------------+------------+----------+
| |RTL Partition |Replication |Instances |
+-+--------------+------------+----------+
+-+--------------+------------+----------+
---------------------------------------------------------------------------------
Start Applying XDC Timing Constraints
---------------------------------------------------------------------------------
---------------------------------------------------------------------------------
Finished Applying XDC Timing Constraints : Time (s): cpu = 00:00:48 ; elapsed = 00:00:49 . Memory (MB): peak = 762.164 ; gain = 509.660
---------------------------------------------------------------------------------
---------------------------------------------------------------------------------
Start Timing Optimization
---------------------------------------------------------------------------------
---------------------------------------------------------------------------------
Finished Timing Optimization : Time (s): cpu = 00:00:48 ; elapsed = 00:00:49 . Memory (MB): peak = 764.199 ; gain = 511.695
---------------------------------------------------------------------------------

Report RTL Partitions: 
+-+--------------+------------+----------+
| |RTL Partition |Replication |Instances |
+-+--------------+------------+----------+
+-+--------------+------------+----------+
---------------------------------------------------------------------------------
Start Technology Mapping
---------------------------------------------------------------------------------
---------------------------------------------------------------------------------
Finished Technology Mapping : Time (s): cpu = 00:00:49 ; elapsed = 00:00:50 . Memory (MB): peak = 799.523 ; gain = 547.020
---------------------------------------------------------------------------------

Report RTL Partitions: 
+-+--------------+------------+----------+
| |RTL Partition |Replication |Instances |
+-+--------------+------------+----------+
+-+--------------+------------+----------+
---------------------------------------------------------------------------------
Start IO Insertion
---------------------------------------------------------------------------------
---------------------------------------------------------------------------------
Start Flattening Before IO Insertion
---------------------------------------------------------------------------------
---------------------------------------------------------------------------------
Finished Flattening Before IO Insertion
---------------------------------------------------------------------------------
---------------------------------------------------------------------------------
Start Final Netlist Cleanup
---------------------------------------------------------------------------------
---------------------------------------------------------------------------------
Finished Final Netlist Cleanup
---------------------------------------------------------------------------------
---------------------------------------------------------------------------------
Finished IO Insertion : Time (s): cpu = 00:00:50 ; elapsed = 00:00:52 . Memory (MB): peak = 799.523 ; gain = 547.020
---------------------------------------------------------------------------------

Report Check Netlist: 
+------+------------------+-------+---------+-------+------------------+
|      |Item              |Errors |Warnings |Status |Description       |
+------+------------------+-------+---------+-------+------------------+
|1     |multi_driven_nets |      0|        0|Passed |Multi driven nets |
+------+------------------+-------+---------+-------+------------------+
---------------------------------------------------------------------------------
Start Renaming Generated Instances
---------------------------------------------------------------------------------
---------------------------------------------------------------------------------
Finished Renaming Generated Instances : Time (s): cpu = 00:00:50 ; elapsed = 00:00:52 . Memory (MB): peak = 799.523 ; gain = 547.020
---------------------------------------------------------------------------------

Report RTL Partitions: 
+-+--------------+------------+----------+
| |RTL Partition |Replication |Instances |
+-+--------------+------------+----------+
+-+--------------+------------+----------+
---------------------------------------------------------------------------------
Start Rebuilding User Hierarchy
---------------------------------------------------------------------------------
---------------------------------------------------------------------------------
Finished Rebuilding User Hierarchy : Time (s): cpu = 00:00:50 ; elapsed = 00:00:52 . Memory (MB): peak = 799.523 ; gain = 547.020
---------------------------------------------------------------------------------
---------------------------------------------------------------------------------
Start Renaming Generated Ports
---------------------------------------------------------------------------------
---------------------------------------------------------------------------------
Finished Renaming Generated Ports : Time (s): cpu = 00:00:50 ; elapsed = 00:00:52 . Memory (MB): peak = 799.523 ; gain = 547.020
---------------------------------------------------------------------------------
---------------------------------------------------------------------------------
Start Handling Custom Attributes
---------------------------------------------------------------------------------
---------------------------------------------------------------------------------
Finished Handling Custom Attributes : Time (s): cpu = 00:00:50 ; elapsed = 00:00:52 . Memory (MB): peak = 799.523 ; gain = 547.020
---------------------------------------------------------------------------------
---------------------------------------------------------------------------------
Start Renaming Generated Nets
---------------------------------------------------------------------------------
---------------------------------------------------------------------------------
Finished Renaming Generated Nets : Time (s): cpu = 00:00:50 ; elapsed = 00:00:52 . Memory (MB): peak = 799.523 ; gain = 547.020
---------------------------------------------------------------------------------
---------------------------------------------------------------------------------
Start Writing Synthesis Report
---------------------------------------------------------------------------------

Report BlackBoxes: 
+-+--------------+----------+
| |BlackBox name |Instances |
+-+--------------+----------+
+-+--------------+----------+

Report Cell Usage: 
+------+-------+------+
|      |Cell   |Count |
+------+-------+------+
|1     |CARRY4 |   168|
|2     |LUT1   |    60|
|3     |LUT2   |   370|
|4     |LUT3   |    39|
|5     |LUT4   |   613|
|6     |LUT5   |   178|
|7     |LUT6   |   260|
|8     |FDRE   |   513|
|9     |FDSE   |     1|
+------+-------+------+

Report Instance Areas: 
+------+-----------------------------------+--------------------------+------+
|      |Instance                           |Module                    |Cells |
+------+-----------------------------------+--------------------------+------+
|1     |top                                |                          |  2202|
|2     |  inst                             |Zybo_VGA_Basic_v1_0       |  2161|
|3     |    Zybo_VGA_Basic_v1_0_S_AXI_inst |Zybo_VGA_Basic_v1_0_S_AXI |  1551|
|4     |    controller                     |VGA_Control               |   605|
+------+-----------------------------------+--------------------------+------+
---------------------------------------------------------------------------------
Finished Writing Synthesis Report : Time (s): cpu = 00:00:50 ; elapsed = 00:00:52 . Memory (MB): peak = 799.523 ; gain = 547.020
---------------------------------------------------------------------------------
Synthesis finished with 0 errors, 0 critical warnings and 12 warnings.
Synthesis Optimization Runtime : Time (s): cpu = 00:00:33 ; elapsed = 00:00:43 . Memory (MB): peak = 799.523 ; gain = 222.816
Synthesis Optimization Complete : Time (s): cpu = 00:00:51 ; elapsed = 00:00:52 . Memory (MB): peak = 799.523 ; gain = 547.020
INFO: [Project 1-571] Translating synthesized netlist
INFO: [Netlist 29-17] Analyzing 168 Unisim elements for replacement
INFO: [Netlist 29-28] Unisim Transformation completed in 0 CPU seconds
INFO: [Project 1-570] Preparing netlist for logic optimization
INFO: [Opt 31-138] Pushed 0 inverter(s) to 0 load pin(s).
INFO: [Project 1-111] Unisim Transformation Summary:
No Unisim elements were transformed.

INFO: [Common 17-83] Releasing license: Synthesis
23 Infos, 18 Warnings, 0 Critical Warnings and 0 Errors encountered.
synth_design completed successfully
synth_design: Time (s): cpu = 00:00:53 ; elapsed = 00:00:55 . Memory (MB): peak = 799.523 ; gain = 554.691
INFO: [Common 17-1381] The checkpoint 'C:/Users/jlrei/Documents/SourceTree/EE324_Lab5/EE324_Lab5.runs/System_Zybo_VGA_Basic_0_1_synth_1/System_Zybo_VGA_Basic_0_1.dcp' has been generated.
INFO: [Coretcl 2-1482] Added synthesis output to IP cache for IP c:/Users/jlrei/Documents/SourceTree/EE324_Lab5/EE324_Lab5.srcs/sources_1/bd/System/ip/System_Zybo_VGA_Basic_0_1/System_Zybo_VGA_Basic_0_1.xci
INFO: [Coretcl 2-1174] Renamed 3 cell refs.
INFO: [Common 17-1381] The checkpoint 'C:/Users/jlrei/Documents/SourceTree/EE324_Lab5/EE324_Lab5.runs/System_Zybo_VGA_Basic_0_1_synth_1/System_Zybo_VGA_Basic_0_1.dcp' has been generated.
INFO: [runtcl-4] Executing : report_utilization -file System_Zybo_VGA_Basic_0_1_utilization_synth.rpt -pb System_Zybo_VGA_Basic_0_1_utilization_synth.pb
report_utilization: Time (s): cpu = 00:00:00 ; elapsed = 00:00:00.045 . Memory (MB): peak = 799.523 ; gain = 0.000
INFO: [Common 17-206] Exiting Vivado at Thu Nov 16 16:41:20 2017...
