13:13:49 INFO  : Registering command handlers for SDK TCF services
13:13:50 INFO  : Launching XSCT server: xsct.bat -interactive C:\Users\jlrei\Documents\SourceTree\EE324_Lab5\EE324_Lab5.sdk\temp_xsdb_launch_script.tcl
13:13:54 INFO  : XSCT server has started successfully.
13:13:57 INFO  : Processing command line option -hwspec C:/Users/jlrei/Documents/SourceTree/EE324_Lab5/EE324_Lab5.sdk/System_wrapper.hdf.
13:13:57 INFO  : Successfully done setting XSCT server connection channel  
13:13:57 INFO  : Successfully done setting SDK workspace  
13:50:54 INFO  : Connected to target on host '127.0.0.1' and port '3121'.
13:51:38 INFO  : Connected to target on host '127.0.0.1' and port '3121'.
13:51:38 INFO  : 'targets -set -filter {jtag_cable_name =~ "Digilent Zybo 210279A42709A" && level==0} -index 1' command is executed.
13:51:39 INFO  : FPGA configured successfully with bitstream "C:/Users/jlrei/Documents/SourceTree/EE324_Lab5/EE324_Lab5.sdk/System_wrapper_hw_platform_0/System_wrapper.bit"
13:51:46 INFO  : 'targets -set -filter {jtag_cable_name =~ "Digilent Zybo 210279A42709A" && level==0} -index 1' command is executed.
13:51:46 INFO  : 'fpga -state' command is executed.
13:51:46 INFO  : Connected to target on host '127.0.0.1' and port '3121'.
13:51:46 INFO  : Jtag cable 'Digilent Zybo 210279A42709A' is selected.
13:51:46 INFO  : 'jtag frequency' command is executed.
13:51:46 INFO  : Sourcing of 'C:/Users/jlrei/Documents/SourceTree/EE324_Lab5/EE324_Lab5.sdk/System_wrapper_hw_platform_0/ps7_init.tcl' is done.
13:51:46 INFO  : Context for 'APU' is selected.
13:51:46 INFO  : Hardware design information is loaded from 'C:/Users/jlrei/Documents/SourceTree/EE324_Lab5/EE324_Lab5.sdk/System_wrapper_hw_platform_0/system.hdf'.
13:51:46 INFO  : 'configparams force-mem-access 1' command is executed.
13:51:46 INFO  : Context for 'APU' is selected.
13:51:46 INFO  : 'stop' command is executed.
13:51:47 ERROR : Cannot flush JTAG server queue. FT_Write failed: io error
13:51:47 INFO  : ----------------XSDB Script----------------
connect -url tcp:127.0.0.1:3121
source C:/Users/jlrei/Documents/SourceTree/EE324_Lab5/EE324_Lab5.sdk/System_wrapper_hw_platform_0/ps7_init.tcl
targets -set -nocase -filter {name =~"APU*" && jtag_cable_name =~ "Digilent Zybo 210279A42709A"} -index 0
loadhw -hw C:/Users/jlrei/Documents/SourceTree/EE324_Lab5/EE324_Lab5.sdk/System_wrapper_hw_platform_0/system.hdf -mem-ranges [list {0x40000000 0xbfffffff}]
configparams force-mem-access 1
targets -set -nocase -filter {name =~"APU*" && jtag_cable_name =~ "Digilent Zybo 210279A42709A"} -index 0
stop
ps7_init
----------------End of Script----------------

13:52:15 INFO  : Connected to target on host '127.0.0.1' and port '3121'.
13:52:16 INFO  : 'targets -set -filter {jtag_cable_name =~ "Digilent Zybo 210279A42709A" && level==0} -index 1' command is executed.
13:52:18 INFO  : FPGA configured successfully with bitstream "C:/Users/jlrei/Documents/SourceTree/EE324_Lab5/EE324_Lab5.sdk/System_wrapper_hw_platform_0/System_wrapper.bit"
13:52:23 INFO  : 'targets -set -filter {jtag_cable_name =~ "Digilent Zybo 210279A42709A" && level==0} -index 1' command is executed.
13:52:24 INFO  : 'fpga -state' command is executed.
13:52:24 INFO  : Connected to target on host '127.0.0.1' and port '3121'.
13:52:24 INFO  : Jtag cable 'Digilent Zybo 210279A42709A' is selected.
13:52:24 INFO  : 'jtag frequency' command is executed.
13:52:24 INFO  : Sourcing of 'C:/Users/jlrei/Documents/SourceTree/EE324_Lab5/EE324_Lab5.sdk/System_wrapper_hw_platform_0/ps7_init.tcl' is done.
13:52:25 INFO  : Context for 'APU' is selected.
13:52:25 INFO  : Hardware design information is loaded from 'C:/Users/jlrei/Documents/SourceTree/EE324_Lab5/EE324_Lab5.sdk/System_wrapper_hw_platform_0/system.hdf'.
13:52:25 INFO  : 'configparams force-mem-access 1' command is executed.
13:52:25 INFO  : Context for 'APU' is selected.
13:52:25 INFO  : 'stop' command is executed.
13:52:25 ERROR : Memory read error at 0xF8000B6C. Cannot flush JTAG server queue. FT_Write failed: io error
13:52:25 INFO  : ----------------XSDB Script----------------
connect -url tcp:127.0.0.1:3121
source C:/Users/jlrei/Documents/SourceTree/EE324_Lab5/EE324_Lab5.sdk/System_wrapper_hw_platform_0/ps7_init.tcl
targets -set -nocase -filter {name =~"APU*" && jtag_cable_name =~ "Digilent Zybo 210279A42709A"} -index 0
loadhw -hw C:/Users/jlrei/Documents/SourceTree/EE324_Lab5/EE324_Lab5.sdk/System_wrapper_hw_platform_0/system.hdf -mem-ranges [list {0x40000000 0xbfffffff}]
configparams force-mem-access 1
targets -set -nocase -filter {name =~"APU*" && jtag_cable_name =~ "Digilent Zybo 210279A42709A"} -index 0
stop
ps7_init
----------------End of Script----------------

13:53:57 INFO  : 'targets -set -filter {jtag_cable_name =~ "Digilent Zybo 210279A42709A" && level==0} -index 1' command is executed.
13:53:57 INFO  : 'fpga -state' command is executed.
13:53:57 INFO  : Connected to target on host '127.0.0.1' and port '3121'.
13:53:57 INFO  : Jtag cable 'Digilent Zybo 210279A42709A' is selected.
13:53:57 INFO  : 'jtag frequency' command is executed.
13:53:57 INFO  : Sourcing of 'C:/Users/jlrei/Documents/SourceTree/EE324_Lab5/EE324_Lab5.sdk/System_wrapper_hw_platform_0/ps7_init.tcl' is done.
13:53:57 INFO  : Context for 'APU' is selected.
13:53:57 INFO  : Hardware design information is loaded from 'C:/Users/jlrei/Documents/SourceTree/EE324_Lab5/EE324_Lab5.sdk/System_wrapper_hw_platform_0/system.hdf'.
13:53:57 INFO  : 'configparams force-mem-access 1' command is executed.
13:53:57 INFO  : Context for 'APU' is selected.
13:53:57 INFO  : 'stop' command is executed.
13:53:58 INFO  : 'ps7_init' command is executed.
13:53:58 INFO  : 'ps7_post_config' command is executed.
13:53:58 INFO  : Context for processor 'ps7_cortexa9_0' is selected.
13:53:58 INFO  : Processor reset is completed for 'ps7_cortexa9_0'.
13:53:58 INFO  : Context for processor 'ps7_cortexa9_0' is selected.
13:53:58 INFO  : The application 'C:/Users/jlrei/Documents/SourceTree/EE324_Lab5/EE324_Lab5.sdk/Lab5/Debug/Lab5.elf' is downloaded to processor 'ps7_cortexa9_0'.
13:53:58 INFO  : 'configparams force-mem-access 0' command is executed.
13:53:58 INFO  : ----------------XSDB Script----------------
connect -url tcp:127.0.0.1:3121
source C:/Users/jlrei/Documents/SourceTree/EE324_Lab5/EE324_Lab5.sdk/System_wrapper_hw_platform_0/ps7_init.tcl
targets -set -nocase -filter {name =~"APU*" && jtag_cable_name =~ "Digilent Zybo 210279A42709A"} -index 0
loadhw -hw C:/Users/jlrei/Documents/SourceTree/EE324_Lab5/EE324_Lab5.sdk/System_wrapper_hw_platform_0/system.hdf -mem-ranges [list {0x40000000 0xbfffffff}]
configparams force-mem-access 1
targets -set -nocase -filter {name =~"APU*" && jtag_cable_name =~ "Digilent Zybo 210279A42709A"} -index 0
stop
ps7_init
ps7_post_config
targets -set -nocase -filter {name =~ "ARM*#0" && jtag_cable_name =~ "Digilent Zybo 210279A42709A"} -index 0
rst -processor
targets -set -nocase -filter {name =~ "ARM*#0" && jtag_cable_name =~ "Digilent Zybo 210279A42709A"} -index 0
dow C:/Users/jlrei/Documents/SourceTree/EE324_Lab5/EE324_Lab5.sdk/Lab5/Debug/Lab5.elf
configparams force-mem-access 0
----------------End of Script----------------

13:53:58 INFO  : Memory regions updated for context APU
13:53:58 INFO  : Context for processor 'ps7_cortexa9_0' is selected.
13:53:58 INFO  : 'con' command is executed.
13:53:58 INFO  : ----------------XSDB Script (After Launch)----------------
targets -set -nocase -filter {name =~ "ARM*#0" && jtag_cable_name =~ "Digilent Zybo 210279A42709A"} -index 0
con
----------------End of Script----------------

13:53:58 INFO  : Launch script is exported to file 'C:\Users\jlrei\Documents\SourceTree\EE324_Lab5\EE324_Lab5.sdk\.sdk\launch_scripts\xilinx_c-c++_application_(system_debugger)\system_debugger_using_debug_lab5.elf_on_local.tcl'
14:35:35 INFO  : Disconnected from the channel tcfchan#2.
