
*** Running vivado
    with args -log System_xbar_0.vds -m64 -product Vivado -mode batch -messageDb vivado.pb -notrace -source System_xbar_0.tcl


****** Vivado v2017.3.1 (64-bit)
  **** SW Build 2035080 on Fri Oct 20 14:20:01 MDT 2017
  **** IP Build 2034413 on Fri Oct 20 15:56:25 MDT 2017
    ** Copyright 1986-2017 Xilinx, Inc. All Rights Reserved.

source System_xbar_0.tcl -notrace
Starting RTL Elaboration : Time (s): cpu = 00:00:14 ; elapsed = 00:00:15 . Memory (MB): peak = 369.133 ; gain = 106.324
INFO: [Synth 8-638] synthesizing module 'System_xbar_0' [c:/Users/jlrei/Documents/SourceTree/EE324_Lab5/EE324_Lab5.srcs/sources_1/bd/System/ip/System_xbar_0/synth/System_xbar_0.v:59]
INFO: [Synth 8-638] synthesizing module 'axi_crossbar_v2_1_15_axi_crossbar' [c:/Users/jlrei/Documents/SourceTree/EE324_Lab5/EE324_Lab5.srcs/sources_1/bd/System/ipshared/a1b8/hdl/axi_crossbar_v2_1_vl_rfs.v:4882]
INFO: [Synth 8-638] synthesizing module 'axi_crossbar_v2_1_15_crossbar_sasd' [c:/Users/jlrei/Documents/SourceTree/EE324_Lab5/EE324_Lab5.srcs/sources_1/bd/System/ipshared/a1b8/hdl/axi_crossbar_v2_1_vl_rfs.v:1240]
INFO: [Synth 8-638] synthesizing module 'axi_crossbar_v2_1_15_addr_decoder' [c:/Users/jlrei/Documents/SourceTree/EE324_Lab5/EE324_Lab5.srcs/sources_1/bd/System/ipshared/a1b8/hdl/axi_crossbar_v2_1_vl_rfs.v:794]
INFO: [Synth 8-638] synthesizing module 'generic_baseblocks_v2_1_0_comparator_static' [c:/Users/jlrei/Documents/SourceTree/EE324_Lab5/EE324_Lab5.srcs/sources_1/bd/System/ipshared/b752/hdl/generic_baseblocks_v2_1_vl_rfs.v:2133]
INFO: [Synth 8-638] synthesizing module 'generic_baseblocks_v2_1_0_carry_and' [c:/Users/jlrei/Documents/SourceTree/EE324_Lab5/EE324_Lab5.srcs/sources_1/bd/System/ipshared/b752/hdl/generic_baseblocks_v2_1_vl_rfs.v:62]
INFO: [Synth 8-256] done synthesizing module 'generic_baseblocks_v2_1_0_carry_and' (1#1) [c:/Users/jlrei/Documents/SourceTree/EE324_Lab5/EE324_Lab5.srcs/sources_1/bd/System/ipshared/b752/hdl/generic_baseblocks_v2_1_vl_rfs.v:62]
INFO: [Synth 8-256] done synthesizing module 'generic_baseblocks_v2_1_0_comparator_static' (2#1) [c:/Users/jlrei/Documents/SourceTree/EE324_Lab5/EE324_Lab5.srcs/sources_1/bd/System/ipshared/b752/hdl/generic_baseblocks_v2_1_vl_rfs.v:2133]
INFO: [Synth 8-638] synthesizing module 'generic_baseblocks_v2_1_0_comparator_static__parameterized0' [c:/Users/jlrei/Documents/SourceTree/EE324_Lab5/EE324_Lab5.srcs/sources_1/bd/System/ipshared/b752/hdl/generic_baseblocks_v2_1_vl_rfs.v:2133]
INFO: [Synth 8-256] done synthesizing module 'generic_baseblocks_v2_1_0_comparator_static__parameterized0' (2#1) [c:/Users/jlrei/Documents/SourceTree/EE324_Lab5/EE324_Lab5.srcs/sources_1/bd/System/ipshared/b752/hdl/generic_baseblocks_v2_1_vl_rfs.v:2133]
INFO: [Synth 8-256] done synthesizing module 'axi_crossbar_v2_1_15_addr_decoder' (3#1) [c:/Users/jlrei/Documents/SourceTree/EE324_Lab5/EE324_Lab5.srcs/sources_1/bd/System/ipshared/a1b8/hdl/axi_crossbar_v2_1_vl_rfs.v:794]
INFO: [Synth 8-638] synthesizing module 'axi_crossbar_v2_1_15_decerr_slave' [c:/Users/jlrei/Documents/SourceTree/EE324_Lab5/EE324_Lab5.srcs/sources_1/bd/System/ipshared/a1b8/hdl/axi_crossbar_v2_1_vl_rfs.v:3500]
INFO: [Synth 8-256] done synthesizing module 'axi_crossbar_v2_1_15_decerr_slave' (4#1) [c:/Users/jlrei/Documents/SourceTree/EE324_Lab5/EE324_Lab5.srcs/sources_1/bd/System/ipshared/a1b8/hdl/axi_crossbar_v2_1_vl_rfs.v:3500]
INFO: [Synth 8-638] synthesizing module 'axi_crossbar_v2_1_15_addr_arbiter_sasd' [c:/Users/jlrei/Documents/SourceTree/EE324_Lab5/EE324_Lab5.srcs/sources_1/bd/System/ipshared/a1b8/hdl/axi_crossbar_v2_1_vl_rfs.v:65]
INFO: [Synth 8-256] done synthesizing module 'axi_crossbar_v2_1_15_addr_arbiter_sasd' (5#1) [c:/Users/jlrei/Documents/SourceTree/EE324_Lab5/EE324_Lab5.srcs/sources_1/bd/System/ipshared/a1b8/hdl/axi_crossbar_v2_1_vl_rfs.v:65]
INFO: [Synth 8-638] synthesizing module 'axi_crossbar_v2_1_15_splitter' [c:/Users/jlrei/Documents/SourceTree/EE324_Lab5/EE324_Lab5.srcs/sources_1/bd/System/ipshared/a1b8/hdl/axi_crossbar_v2_1_vl_rfs.v:4459]
INFO: [Synth 8-256] done synthesizing module 'axi_crossbar_v2_1_15_splitter' (6#1) [c:/Users/jlrei/Documents/SourceTree/EE324_Lab5/EE324_Lab5.srcs/sources_1/bd/System/ipshared/a1b8/hdl/axi_crossbar_v2_1_vl_rfs.v:4459]
INFO: [Synth 8-638] synthesizing module 'axi_crossbar_v2_1_15_splitter__parameterized0' [c:/Users/jlrei/Documents/SourceTree/EE324_Lab5/EE324_Lab5.srcs/sources_1/bd/System/ipshared/a1b8/hdl/axi_crossbar_v2_1_vl_rfs.v:4459]
INFO: [Synth 8-256] done synthesizing module 'axi_crossbar_v2_1_15_splitter__parameterized0' (6#1) [c:/Users/jlrei/Documents/SourceTree/EE324_Lab5/EE324_Lab5.srcs/sources_1/bd/System/ipshared/a1b8/hdl/axi_crossbar_v2_1_vl_rfs.v:4459]
INFO: [Synth 8-638] synthesizing module 'generic_baseblocks_v2_1_0_mux_enc' [c:/Users/jlrei/Documents/SourceTree/EE324_Lab5/EE324_Lab5.srcs/sources_1/bd/System/ipshared/b752/hdl/generic_baseblocks_v2_1_vl_rfs.v:2452]
INFO: [Synth 8-256] done synthesizing module 'generic_baseblocks_v2_1_0_mux_enc' (7#1) [c:/Users/jlrei/Documents/SourceTree/EE324_Lab5/EE324_Lab5.srcs/sources_1/bd/System/ipshared/b752/hdl/generic_baseblocks_v2_1_vl_rfs.v:2452]
INFO: [Synth 8-638] synthesizing module 'generic_baseblocks_v2_1_0_mux_enc__parameterized0' [c:/Users/jlrei/Documents/SourceTree/EE324_Lab5/EE324_Lab5.srcs/sources_1/bd/System/ipshared/b752/hdl/generic_baseblocks_v2_1_vl_rfs.v:2452]
INFO: [Synth 8-256] done synthesizing module 'generic_baseblocks_v2_1_0_mux_enc__parameterized0' (7#1) [c:/Users/jlrei/Documents/SourceTree/EE324_Lab5/EE324_Lab5.srcs/sources_1/bd/System/ipshared/b752/hdl/generic_baseblocks_v2_1_vl_rfs.v:2452]
INFO: [Synth 8-638] synthesizing module 'generic_baseblocks_v2_1_0_mux_enc__parameterized1' [c:/Users/jlrei/Documents/SourceTree/EE324_Lab5/EE324_Lab5.srcs/sources_1/bd/System/ipshared/b752/hdl/generic_baseblocks_v2_1_vl_rfs.v:2452]
INFO: [Synth 8-256] done synthesizing module 'generic_baseblocks_v2_1_0_mux_enc__parameterized1' (7#1) [c:/Users/jlrei/Documents/SourceTree/EE324_Lab5/EE324_Lab5.srcs/sources_1/bd/System/ipshared/b752/hdl/generic_baseblocks_v2_1_vl_rfs.v:2452]
INFO: [Synth 8-638] synthesizing module 'axi_register_slice_v2_1_14_axic_register_slice' [c:/Users/jlrei/Documents/SourceTree/EE324_Lab5/EE324_Lab5.srcs/sources_1/bd/System/ipshared/a259/hdl/axi_register_slice_v2_1_vl_rfs.v:189]
INFO: [Synth 8-256] done synthesizing module 'axi_register_slice_v2_1_14_axic_register_slice' (8#1) [c:/Users/jlrei/Documents/SourceTree/EE324_Lab5/EE324_Lab5.srcs/sources_1/bd/System/ipshared/a259/hdl/axi_register_slice_v2_1_vl_rfs.v:189]
INFO: [Synth 8-638] synthesizing module 'generic_baseblocks_v2_1_0_mux_enc__parameterized2' [c:/Users/jlrei/Documents/SourceTree/EE324_Lab5/EE324_Lab5.srcs/sources_1/bd/System/ipshared/b752/hdl/generic_baseblocks_v2_1_vl_rfs.v:2452]
INFO: [Synth 8-256] done synthesizing module 'generic_baseblocks_v2_1_0_mux_enc__parameterized2' (8#1) [c:/Users/jlrei/Documents/SourceTree/EE324_Lab5/EE324_Lab5.srcs/sources_1/bd/System/ipshared/b752/hdl/generic_baseblocks_v2_1_vl_rfs.v:2452]
INFO: [Synth 8-256] done synthesizing module 'axi_crossbar_v2_1_15_crossbar_sasd' (9#1) [c:/Users/jlrei/Documents/SourceTree/EE324_Lab5/EE324_Lab5.srcs/sources_1/bd/System/ipshared/a1b8/hdl/axi_crossbar_v2_1_vl_rfs.v:1240]
INFO: [Synth 8-256] done synthesizing module 'axi_crossbar_v2_1_15_axi_crossbar' (10#1) [c:/Users/jlrei/Documents/SourceTree/EE324_Lab5/EE324_Lab5.srcs/sources_1/bd/System/ipshared/a1b8/hdl/axi_crossbar_v2_1_vl_rfs.v:4882]
INFO: [Synth 8-256] done synthesizing module 'System_xbar_0' (11#1) [c:/Users/jlrei/Documents/SourceTree/EE324_Lab5/EE324_Lab5.srcs/sources_1/bd/System/ip/System_xbar_0/synth/System_xbar_0.v:59]
Finished RTL Elaboration : Time (s): cpu = 00:00:24 ; elapsed = 00:00:25 . Memory (MB): peak = 516.813 ; gain = 254.004
Finished RTL Optimization Phase 1 : Time (s): cpu = 00:00:24 ; elapsed = 00:00:25 . Memory (MB): peak = 516.813 ; gain = 254.004
INFO: [Device 21-403] Loading part xc7z010clg400-1
Constraint Validation Runtime : Time (s): cpu = 00:00:00 ; elapsed = 00:00:00.040 . Memory (MB): peak = 756.813 ; gain = 0.000
Finished Constraint Validation : Time (s): cpu = 00:00:44 ; elapsed = 00:00:46 . Memory (MB): peak = 756.813 ; gain = 494.004
Finished Loading Part and Timing Information : Time (s): cpu = 00:00:44 ; elapsed = 00:00:46 . Memory (MB): peak = 756.813 ; gain = 494.004
Finished applying 'set_property' XDC Constraints : Time (s): cpu = 00:00:44 ; elapsed = 00:00:46 . Memory (MB): peak = 756.813 ; gain = 494.004
Finished RTL Optimization Phase 2 : Time (s): cpu = 00:00:45 ; elapsed = 00:00:47 . Memory (MB): peak = 756.813 ; gain = 494.004
Finished Cross Boundary and Area Optimization : Time (s): cpu = 00:00:47 ; elapsed = 00:00:48 . Memory (MB): peak = 756.813 ; gain = 494.004
Finished Applying XDC Timing Constraints : Time (s): cpu = 00:01:04 ; elapsed = 00:01:06 . Memory (MB): peak = 756.813 ; gain = 494.004
Finished Timing Optimization : Time (s): cpu = 00:01:05 ; elapsed = 00:01:07 . Memory (MB): peak = 776.043 ; gain = 513.234
Finished Technology Mapping : Time (s): cpu = 00:01:05 ; elapsed = 00:01:07 . Memory (MB): peak = 776.813 ; gain = 514.004
Finished IO Insertion : Time (s): cpu = 00:01:06 ; elapsed = 00:01:08 . Memory (MB): peak = 776.813 ; gain = 514.004
Finished Renaming Generated Instances : Time (s): cpu = 00:01:06 ; elapsed = 00:01:08 . Memory (MB): peak = 776.813 ; gain = 514.004
Finished Rebuilding User Hierarchy : Time (s): cpu = 00:01:06 ; elapsed = 00:01:08 . Memory (MB): peak = 776.813 ; gain = 514.004
Finished Renaming Generated Ports : Time (s): cpu = 00:01:06 ; elapsed = 00:01:08 . Memory (MB): peak = 776.813 ; gain = 514.004
Finished Handling Custom Attributes : Time (s): cpu = 00:01:06 ; elapsed = 00:01:08 . Memory (MB): peak = 776.813 ; gain = 514.004
Finished Renaming Generated Nets : Time (s): cpu = 00:01:06 ; elapsed = 00:01:08 . Memory (MB): peak = 776.813 ; gain = 514.004

Report Cell Usage: 
+------+-----+------+
|      |Cell |Count |
+------+-----+------+
|1     |LUT1 |     3|
|2     |LUT2 |     8|
|3     |LUT3 |     6|
|4     |LUT4 |    84|
|5     |LUT5 |    18|
|6     |LUT6 |    47|
|7     |FDRE |   130|
+------+-----+------+
Finished Writing Synthesis Report : Time (s): cpu = 00:01:06 ; elapsed = 00:01:08 . Memory (MB): peak = 776.813 ; gain = 514.004
synth_design: Time (s): cpu = 00:01:09 ; elapsed = 00:01:11 . Memory (MB): peak = 776.813 ; gain = 520.918
